{"C:\\Users\\alber\\code\\video\\webtesting_jest\\0-hello-world.js": {"path":"C:\\Users\\alber\\code\\video\\webtesting_jest\\0-hello-world.js","statementMap":{"0":{"start":{"line":2,"column":2},"end":{"line":4,"column":3}},"1":{"start":{"line":3,"column":4},"end":{"line":3,"column":46}},"2":{"start":{"line":5,"column":2},"end":{"line":7,"column":3}},"3":{"start":{"line":6,"column":4},"end":{"line":6,"column":36}},"4":{"start":{"line":8,"column":2},"end":{"line":8,"column":30}},"5":{"start":{"line":12,"column":2},"end":{"line":12,"column":71}},"6":{"start":{"line":16,"column":2},"end":{"line":16,"column":31}}},"fnMap":{"0":{"name":"sayHi","decl":{"start":{"line":1,"column":16},"end":{"line":1,"column":21}},"loc":{"start":{"line":1,"column":32},"end":{"line":9,"column":1}},"line":1},"1":{"name":"isNotAString","decl":{"start":{"line":11,"column":9},"end":{"line":11,"column":21}},"loc":{"start":{"line":11,"column":32},"end":{"line":13,"column":1}},"line":11},"2":{"name":"isEmpty","decl":{"start":{"line":15,"column":9},"end":{"line":15,"column":16}},"loc":{"start":{"line":15,"column":27},"end":{"line":17,"column":1}},"line":15}},"branchMap":{"0":{"loc":{"start":{"line":2,"column":2},"end":{"line":4,"column":3}},"type":"if","locations":[{"start":{"line":2,"column":2},"end":{"line":4,"column":3}},{"start":{"line":2,"column":2},"end":{"line":4,"column":3}}],"line":2},"1":{"loc":{"start":{"line":5,"column":2},"end":{"line":7,"column":3}},"type":"if","locations":[{"start":{"line":5,"column":2},"end":{"line":7,"column":3}},{"start":{"line":5,"column":2},"end":{"line":7,"column":3}}],"line":5},"2":{"loc":{"start":{"line":12,"column":9},"end":{"line":12,"column":70}},"type":"binary-expr","locations":[{"start":{"line":12,"column":9},"end":{"line":12,"column":37}},{"start":{"line":12,"column":41},"end":{"line":12,"column":70}}],"line":12}},"s":{"0":3,"1":1,"2":2,"3":1,"4":1,"5":3,"6":2},"f":{"0":3,"1":3,"2":2},"b":{"0":[1,2],"1":[1,1],"2":[3,1]},"_coverageSchema":"1a1c01bbd47fc00a2c39e90264f33305004495a9","hash":"81d9dc192dce70828bb0b73942b5a020b2fb9a40"}
}
